<?xml version="1.0" encoding="UTF-8"?>
<robot generator="Robot 3.2.2 (Python 3.9.1 on win32)" generated="20210211 19:13:47.647" rpa="false">
<suite id="s1" name="Amazon_Test_Suite">
<test id="s1-t1" name="Search for Smartphones">
<kw name="Open Browser" library="SeleniumLibrary">
<doc>Opens a new browser instance to the optional ``url``.</doc>
<arguments>
<arg>https://www.amazon.co.uk</arg>
<arg>firefox</arg>
</arguments>
<msg timestamp="20210211 19:13:47.880" level="INFO">Opening browser 'firefox' to base url 'https://www.amazon.co.uk'.</msg>
<msg timestamp="20210211 19:13:47.881" level="INFO">Firefox driver log is always forced to to: C:\Users\tiago\Documents\GitHub\Robot_Framework_Tests\Demo\geckodriver-1.log</msg>
<status status="PASS" starttime="20210211 19:13:47.880" endtime="20210211 19:13:54.212"></status>
</kw>
<kw name="Maximize Browser Window" library="SeleniumLibrary">
<doc>Maximizes current browser window.</doc>
<status status="PASS" starttime="20210211 19:13:54.212" endtime="20210211 19:13:54.480"></status>
</kw>
<kw name="Input Text" library="SeleniumLibrary">
<doc>Types the given ``text`` into the text field identified by ``locator``.</doc>
<arguments>
<arg>xpath=//input[@id="twotabsearchtextbox"]</arg>
<arg>smartphones</arg>
</arguments>
<msg timestamp="20210211 19:13:54.481" level="INFO">Typing text 'smartphones' into text field 'xpath=//input[@id="twotabsearchtextbox"]'.</msg>
<status status="PASS" starttime="20210211 19:13:54.480" endtime="20210211 19:13:54.591"></status>
</kw>
<kw name="Click Element" library="SeleniumLibrary">
<doc>Click the element identified by ``locator``.</doc>
<arguments>
<arg>xpath=//input[@id="nav-search-submit-button"]</arg>
</arguments>
<msg timestamp="20210211 19:13:54.592" level="INFO">Clicking element 'xpath=//input[@id="nav-search-submit-button"]'.</msg>
<status status="PASS" starttime="20210211 19:13:54.591" endtime="20210211 19:13:55.479"></status>
</kw>
<kw name="Get Text" library="SeleniumLibrary">
<doc>Returns the text value of the element identified by ``locator``.</doc>
<arguments>
<arg>xpath=//span[@dir="auto"]</arg>
</arguments>
<assign>
<var>${my_text}</var>
</assign>
<msg timestamp="20210211 19:13:55.634" level="INFO">${my_text} = 1-16 of 684 results for</msg>
<status status="PASS" starttime="20210211 19:13:55.479" endtime="20210211 19:13:55.634"></status>
</kw>
<kw name="Retrieve Result Count" library="functions">
<arguments>
<arg>${my_text}</arg>
</arguments>
<msg timestamp="20210211 19:13:55.635" level="INFO">684</msg>
<status status="PASS" starttime="20210211 19:13:55.634" endtime="20210211 19:13:55.635"></status>
</kw>
<kw name="Sleep" library="BuiltIn">
<doc>Pauses the test executed for the given time.</doc>
<arguments>
<arg>5</arg>
</arguments>
<msg timestamp="20210211 19:14:00.649" level="INFO">Slept 5 seconds</msg>
<status status="PASS" starttime="20210211 19:13:55.635" endtime="20210211 19:14:00.649"></status>
</kw>
<kw name="Close Browser" library="SeleniumLibrary">
<doc>Closes the current browser.</doc>
<status status="PASS" starttime="20210211 19:14:00.649" endtime="20210211 19:14:01.462"></status>
</kw>
<status status="PASS" starttime="20210211 19:13:47.879" endtime="20210211 19:14:01.462" critical="yes"></status>
</test>
<test id="s1-t2" name="Search for Laptops">
<kw name="Open Browser" library="SeleniumLibrary">
<doc>Opens a new browser instance to the optional ``url``.</doc>
<arguments>
<arg>https://www.amazon.co.uk</arg>
<arg>firefox</arg>
</arguments>
<msg timestamp="20210211 19:14:01.464" level="INFO">Opening browser 'firefox' to base url 'https://www.amazon.co.uk'.</msg>
<msg timestamp="20210211 19:14:01.464" level="INFO">Firefox driver log is always forced to to: C:\Users\tiago\Documents\GitHub\Robot_Framework_Tests\Demo\geckodriver-2.log</msg>
<status status="PASS" starttime="20210211 19:14:01.463" endtime="20210211 19:14:07.758"></status>
</kw>
<kw name="Maximize Browser Window" library="SeleniumLibrary">
<doc>Maximizes current browser window.</doc>
<status status="PASS" starttime="20210211 19:14:07.759" endtime="20210211 19:14:08.013"></status>
</kw>
<kw name="Input Text" library="SeleniumLibrary">
<doc>Types the given ``text`` into the text field identified by ``locator``.</doc>
<arguments>
<arg>xpath=//input[@id="twotabsearchtextbox"]</arg>
<arg>laptops</arg>
</arguments>
<msg timestamp="20210211 19:14:08.014" level="INFO">Typing text 'laptops' into text field 'xpath=//input[@id="twotabsearchtextbox"]'.</msg>
<status status="PASS" starttime="20210211 19:14:08.014" endtime="20210211 19:14:08.100"></status>
</kw>
<kw name="Click Element" library="SeleniumLibrary">
<doc>Click the element identified by ``locator``.</doc>
<arguments>
<arg>xpath=//input[@id="nav-search-submit-button"]</arg>
</arguments>
<msg timestamp="20210211 19:14:08.100" level="INFO">Clicking element 'xpath=//input[@id="nav-search-submit-button"]'.</msg>
<status status="PASS" starttime="20210211 19:14:08.100" endtime="20210211 19:14:09.133"></status>
</kw>
<kw name="Get Text" library="SeleniumLibrary">
<doc>Returns the text value of the element identified by ``locator``.</doc>
<arguments>
<arg>xpath=//span[@dir="auto"]</arg>
</arguments>
<assign>
<var>${my_text}</var>
</assign>
<msg timestamp="20210211 19:14:09.286" level="INFO">${my_text} = 1-16 of 525 results for</msg>
<status status="PASS" starttime="20210211 19:14:09.133" endtime="20210211 19:14:09.286"></status>
</kw>
<kw name="Retrieve Result Count" library="functions">
<arguments>
<arg>${my_text}</arg>
</arguments>
<msg timestamp="20210211 19:14:09.287" level="INFO">525</msg>
<status status="PASS" starttime="20210211 19:14:09.287" endtime="20210211 19:14:09.287"></status>
</kw>
<kw name="Sleep" library="BuiltIn">
<doc>Pauses the test executed for the given time.</doc>
<arguments>
<arg>5</arg>
</arguments>
<msg timestamp="20210211 19:14:14.302" level="INFO">Slept 5 seconds</msg>
<status status="PASS" starttime="20210211 19:14:09.287" endtime="20210211 19:14:14.302"></status>
</kw>
<kw name="Close Browser" library="SeleniumLibrary">
<doc>Closes the current browser.</doc>
<status status="PASS" starttime="20210211 19:14:14.302" endtime="20210211 19:14:15.163"></status>
</kw>
<status status="PASS" starttime="20210211 19:14:01.463" endtime="20210211 19:14:15.164" critical="yes"></status>
</test>
<test id="s1-t3" name="Search for Watches">
<kw name="Open Browser" library="SeleniumLibrary">
<doc>Opens a new browser instance to the optional ``url``.</doc>
<arguments>
<arg>https://www.amazon.co.uk</arg>
<arg>firefox</arg>
</arguments>
<msg timestamp="20210211 19:14:15.165" level="INFO">Opening browser 'firefox' to base url 'https://www.amazon.co.uk'.</msg>
<msg timestamp="20210211 19:14:15.165" level="INFO">Firefox driver log is always forced to to: C:\Users\tiago\Documents\GitHub\Robot_Framework_Tests\Demo\geckodriver-3.log</msg>
<status status="PASS" starttime="20210211 19:14:15.165" endtime="20210211 19:14:20.653"></status>
</kw>
<kw name="Maximize Browser Window" library="SeleniumLibrary">
<doc>Maximizes current browser window.</doc>
<status status="PASS" starttime="20210211 19:14:20.653" endtime="20210211 19:14:20.914"></status>
</kw>
<kw name="Input Text" library="SeleniumLibrary">
<doc>Types the given ``text`` into the text field identified by ``locator``.</doc>
<arguments>
<arg>xpath=//input[@id="twotabsearchtextbox"]</arg>
<arg>watches</arg>
</arguments>
<msg timestamp="20210211 19:14:20.915" level="INFO">Typing text 'watches' into text field 'xpath=//input[@id="twotabsearchtextbox"]'.</msg>
<status status="PASS" starttime="20210211 19:14:20.915" endtime="20210211 19:14:20.940"></status>
</kw>
<kw name="Click Element" library="SeleniumLibrary">
<doc>Click the element identified by ``locator``.</doc>
<arguments>
<arg>xpath=//input[@id="nav-search-submit-button"]</arg>
</arguments>
<msg timestamp="20210211 19:14:20.941" level="INFO">Clicking element 'xpath=//input[@id="nav-search-submit-button"]'.</msg>
<status status="PASS" starttime="20210211 19:14:20.941" endtime="20210211 19:14:22.185"></status>
</kw>
<kw name="Get Text" library="SeleniumLibrary">
<doc>Returns the text value of the element identified by ``locator``.</doc>
<arguments>
<arg>xpath=//span[@dir="auto"]</arg>
</arguments>
<assign>
<var>${my_text}</var>
</assign>
<msg timestamp="20210211 19:14:22.358" level="INFO">${my_text} = 1-48 of over 70,000 results for</msg>
<status status="PASS" starttime="20210211 19:14:22.185" endtime="20210211 19:14:22.358"></status>
</kw>
<kw name="Retrieve Result Count" library="functions">
<arguments>
<arg>${my_text}</arg>
</arguments>
<msg timestamp="20210211 19:14:22.358" level="INFO">70000</msg>
<status status="PASS" starttime="20210211 19:14:22.358" endtime="20210211 19:14:22.358"></status>
</kw>
<kw name="Sleep" library="BuiltIn">
<doc>Pauses the test executed for the given time.</doc>
<arguments>
<arg>5</arg>
</arguments>
<msg timestamp="20210211 19:14:27.370" level="INFO">Slept 5 seconds</msg>
<status status="PASS" starttime="20210211 19:14:22.358" endtime="20210211 19:14:27.370"></status>
</kw>
<kw name="Close Browser" library="SeleniumLibrary">
<doc>Closes the current browser.</doc>
<status status="PASS" starttime="20210211 19:14:27.370" endtime="20210211 19:14:28.041"></status>
</kw>
<status status="PASS" starttime="20210211 19:14:15.164" endtime="20210211 19:14:28.041" critical="yes"></status>
</test>
<status status="PASS" starttime="20210211 19:13:47.648" endtime="20210211 19:14:28.042"></status>
</suite>
<statistics>
<total>
<stat pass="3" fail="0">Critical Tests</stat>
<stat pass="3" fail="0">All Tests</stat>
</total>
<tag>
</tag>
<suite>
<stat pass="3" fail="0" id="s1" name="Amazon_Test_Suite">Amazon_Test_Suite</stat>
</suite>
</statistics>
<errors>
</errors>
</robot>
